<?xml version="1.0" encoding="UTF-8"?>
<testng-results skipped="0" failed="0" ignored="0" total="1" passed="1">
  <reporter-output>
  </reporter-output>
  <suite name="Default suite" duration-ms="56662" started-at="2019-06-23T16:29:29Z" finished-at="2019-06-23T16:30:25Z">
    <groups>
    </groups>
    <test name="Default test" duration-ms="56662" started-at="2019-06-23T16:29:29Z" finished-at="2019-06-23T16:30:25Z">
      <class name="test.testflow">
        <test-method status="PASS" signature="setup()[pri:0, instance:test.testflow@5034c75a]" name="setup" is-config="true" duration-ms="41400" started-at="2019-06-23T16:29:29Z" finished-at="2019-06-23T16:30:10Z">
          <reporter-output>
          </reporter-output>
        </test-method> <!-- setup -->
        <test-method status="PASS" signature="launch_search_text()[pri:0, instance:test.testflow@5034c75a]" name="launch_search_text" duration-ms="15221" started-at="2019-06-23T16:30:10Z" finished-at="2019-06-23T16:30:25Z">
          <reporter-output>
          </reporter-output>
        </test-method> <!-- launch_search_text -->
      </class> <!-- test.testflow -->
    </test> <!-- Default test -->
  </suite> <!-- Default suite -->
</testng-results>
